<?xml version="1.0" encoding="UTF-8"?>
<!-- Generated by org.testng.reporters.JUnitReportReporter -->
<testsuite skipped="0" hostname="DESKTOP-2C7LEEB" name="org.samp.Demo" tests="3" failures="0" timestamp="26 Jul 2022 14:22:07 GMT" time="25.417" errors="0">
  <testcase name="tc4" time="7.073" classname="org.samp.Demo"/>
  <testcase name="tc2" time="14.763" classname="org.samp.Demo"/>
  <testcase name="tc3" time="3.581" classname="org.samp.Demo"/>
</testsuite> <!-- org.samp.Demo -->
